<?xml version="1.0" encoding="UTF-8"?>
<!-- Generated by org.testng.reporters.JUnitReportReporter -->
<testsuite skipped="0" hostname="TECH-LP-746" name="FrameWork.MavenProject.SeleniumTest" tests="2" failures="0" timestamp="10 May 2020 16:21:13 GMT" time="0.000" errors="0">
  <testcase name="browserAutomation" time="0.000" classname="FrameWork.MavenProject.SeleniumTest"/>
  <testcase name="elementsUI" time="0.000" classname="FrameWork.MavenProject.SeleniumTest"/>
</testsuite> <!-- FrameWork.MavenProject.SeleniumTest -->
