<?xml version="1.0" encoding="UTF-8"?>
<!-- Generated by org.testng.reporters.JUnitReportReporter -->
<testsuite skipped="0" hostname="TECH-LP-746" name="FrameWork.MavenProject.APITest" tests="2" failures="0" timestamp="10 May 2020 16:20:59 GMT" time="0.000" errors="0">
  <testcase name="deleteTwitter" time="0.000" classname="FrameWork.MavenProject.APITest"/>
  <testcase name="postJIRA" time="0.000" classname="FrameWork.MavenProject.APITest"/>
</testsuite> <!-- FrameWork.MavenProject.APITest -->
